{"/Users/slark/workspace/interviewHomework/Aimazing/SimpleChat/constDefine.js": {"path":"/Users/slark/workspace/interviewHomework/Aimazing/SimpleChat/constDefine.js","statementMap":{"0":{"start":{"line":1,"column":22},"end":{"line":5,"column":1}},"1":{"start":{"line":6,"column":22},"end":{"line":6,"column":32}},"2":{"start":{"line":8,"column":18},"end":{"line":8,"column":27}},"3":{"start":{"line":9,"column":21},"end":{"line":13,"column":1}},"4":{"start":{"line":15,"column":0},"end":{"line":20,"column":1}}},"fnMap":{},"branchMap":{},"s":{"0":2,"1":2,"2":2,"3":2,"4":2},"f":{},"b":{},"_coverageSchema":"1a1c01bbd47fc00a2c39e90264f33305004495a9","hash":"b1d02d2d629979a16452a1c8e09b98afdfb036b6"}
,"/Users/slark/workspace/interviewHomework/Aimazing/SimpleChat/application_business_rules/use_cases/Chat.js": {"path":"/Users/slark/workspace/interviewHomework/Aimazing/SimpleChat/application_business_rules/use_cases/Chat.js","statementMap":{"0":{"start":{"line":1,"column":16},"end":{"line":1,"column":75}},"1":{"start":{"line":2,"column":33},"end":{"line":2,"column":61}},"2":{"start":{"line":5,"column":17},"end":{"line":5,"column":43}},"3":{"start":{"line":6,"column":15},"end":{"line":6,"column":35}},"4":{"start":{"line":7,"column":14},"end":{"line":7,"column":44}},"5":{"start":{"line":8,"column":4},"end":{"line":8,"column":71}},"6":{"start":{"line":12,"column":4},"end":{"line":12,"column":33}},"7":{"start":{"line":16,"column":4},"end":{"line":16,"column":34}},"8":{"start":{"line":19,"column":0},"end":{"line":19,"column":60}}},"fnMap":{"0":{"name":"SendMessage","decl":{"start":{"line":4,"column":15},"end":{"line":4,"column":26}},"loc":{"start":{"line":4,"column":63},"end":{"line":9,"column":1}},"line":4},"1":{"name":"JoinChatRoom","decl":{"start":{"line":11,"column":15},"end":{"line":11,"column":27}},"loc":{"start":{"line":11,"column":44},"end":{"line":13,"column":1}},"line":11},"2":{"name":"LeaveChatRoom","decl":{"start":{"line":15,"column":15},"end":{"line":15,"column":28}},"loc":{"start":{"line":15,"column":45},"end":{"line":17,"column":1}},"line":15}},"branchMap":{},"s":{"0":1,"1":1,"2":1,"3":1,"4":1,"5":1,"6":1,"7":1,"8":1},"f":{"0":1,"1":1,"2":1},"b":{},"_coverageSchema":"1a1c01bbd47fc00a2c39e90264f33305004495a9","hash":"b99ebbe73ae73064102e4adccf7e3565057ff06e"}
,"/Users/slark/workspace/interviewHomework/Aimazing/SimpleChat/application_business_rules/use_cases/CreateUser.js": {"path":"/Users/slark/workspace/interviewHomework/Aimazing/SimpleChat/application_business_rules/use_cases/CreateUser.js","statementMap":{"0":{"start":{"line":1,"column":13},"end":{"line":1,"column":69}},"1":{"start":{"line":2,"column":22},"end":{"line":2,"column":49}},"2":{"start":{"line":3,"column":51},"end":{"line":3,"column":80}},"3":{"start":{"line":7,"column":4},"end":{"line":9,"column":5}},"4":{"start":{"line":8,"column":8},"end":{"line":8,"column":43}},"5":{"start":{"line":12,"column":24},"end":{"line":12,"column":61}},"6":{"start":{"line":13,"column":4},"end":{"line":15,"column":5}},"7":{"start":{"line":14,"column":8},"end":{"line":14,"column":43}},"8":{"start":{"line":17,"column":4},"end":{"line":17,"column":37}},"9":{"start":{"line":18,"column":17},"end":{"line":18,"column":54}},"10":{"start":{"line":19,"column":4},"end":{"line":19,"column":49}},"11":{"start":{"line":22,"column":0},"end":{"line":22,"column":28}}},"fnMap":{"0":{"name":"createUser","decl":{"start":{"line":5,"column":15},"end":{"line":5,"column":25}},"loc":{"start":{"line":5,"column":73},"end":{"line":20,"column":1}},"line":5}},"branchMap":{"0":{"loc":{"start":{"line":7,"column":4},"end":{"line":9,"column":5}},"type":"if","locations":[{"start":{"line":7,"column":4},"end":{"line":9,"column":5}},{"start":{"line":7,"column":4},"end":{"line":9,"column":5}}],"line":7},"1":{"loc":{"start":{"line":13,"column":4},"end":{"line":15,"column":5}},"type":"if","locations":[{"start":{"line":13,"column":4},"end":{"line":15,"column":5}},{"start":{"line":13,"column":4},"end":{"line":15,"column":5}}],"line":13}},"s":{"0":1,"1":1,"2":1,"3":3,"4":1,"5":2,"6":2,"7":1,"8":1,"9":1,"10":1,"11":1},"f":{"0":3},"b":{"0":[1,2],"1":[1,1]},"_coverageSchema":"1a1c01bbd47fc00a2c39e90264f33305004495a9","hash":"c778695c5b6faa62feb5bdd6fa2855fa7e88c058"}
,"/Users/slark/workspace/interviewHomework/Aimazing/SimpleChat/application_business_rules/use_cases/DeleteUser.js": {"path":"/Users/slark/workspace/interviewHomework/Aimazing/SimpleChat/application_business_rules/use_cases/DeleteUser.js","statementMap":{"0":{"start":{"line":1,"column":28},"end":{"line":1,"column":57}},"1":{"start":{"line":4,"column":17},"end":{"line":4,"column":51}},"2":{"start":{"line":5,"column":4},"end":{"line":7,"column":5}},"3":{"start":{"line":6,"column":8},"end":{"line":6,"column":38}},"4":{"start":{"line":9,"column":4},"end":{"line":9,"column":51}},"5":{"start":{"line":12,"column":0},"end":{"line":12,"column":32}}},"fnMap":{"0":{"name":"deleteUserByID","decl":{"start":{"line":3,"column":15},"end":{"line":3,"column":29}},"loc":{"start":{"line":3,"column":52},"end":{"line":10,"column":1}},"line":3}},"branchMap":{"0":{"loc":{"start":{"line":5,"column":4},"end":{"line":7,"column":5}},"type":"if","locations":[{"start":{"line":5,"column":4},"end":{"line":7,"column":5}},{"start":{"line":5,"column":4},"end":{"line":7,"column":5}}],"line":5}},"s":{"0":1,"1":2,"2":2,"3":1,"4":1,"5":1},"f":{"0":2},"b":{"0":[1,1]},"_coverageSchema":"1a1c01bbd47fc00a2c39e90264f33305004495a9","hash":"34eb607d228202c2476bc0d047cd0aaa5bed4e38"}
,"/Users/slark/workspace/interviewHomework/Aimazing/SimpleChat/application_business_rules/use_cases/ListUsers.js": {"path":"/Users/slark/workspace/interviewHomework/Aimazing/SimpleChat/application_business_rules/use_cases/ListUsers.js","statementMap":{"0":{"start":{"line":1,"column":13},"end":{"line":1,"column":69}},"1":{"start":{"line":2,"column":27},"end":{"line":2,"column":56}},"2":{"start":{"line":5,"column":4},"end":{"line":7,"column":5}},"3":{"start":{"line":6,"column":8},"end":{"line":6,"column":43}},"4":{"start":{"line":8,"column":4},"end":{"line":8,"column":49}},"5":{"start":{"line":11,"column":0},"end":{"line":11,"column":27}}},"fnMap":{"0":{"name":"listUsers","decl":{"start":{"line":4,"column":15},"end":{"line":4,"column":24}},"loc":{"start":{"line":4,"column":49},"end":{"line":9,"column":1}},"line":4}},"branchMap":{"0":{"loc":{"start":{"line":5,"column":4},"end":{"line":7,"column":5}},"type":"if","locations":[{"start":{"line":5,"column":4},"end":{"line":7,"column":5}},{"start":{"line":5,"column":4},"end":{"line":7,"column":5}}],"line":5}},"s":{"0":1,"1":1,"2":2,"3":1,"4":1,"5":1},"f":{"0":2},"b":{"0":[1,1]},"_coverageSchema":"1a1c01bbd47fc00a2c39e90264f33305004495a9","hash":"fb852e972a4b0c3b6850d3cf55481e0d8a7b3562"}
,"/Users/slark/workspace/interviewHomework/Aimazing/SimpleChat/application_business_rules/use_cases/Login.js": {"path":"/Users/slark/workspace/interviewHomework/Aimazing/SimpleChat/application_business_rules/use_cases/Login.js","statementMap":{"0":{"start":{"line":1,"column":22},"end":{"line":1,"column":49}},"1":{"start":{"line":2,"column":21},"end":{"line":2,"column":50}},"2":{"start":{"line":5,"column":4},"end":{"line":5,"column":37}},"3":{"start":{"line":6,"column":17},"end":{"line":6,"column":64}},"4":{"start":{"line":7,"column":4},"end":{"line":9,"column":5}},"5":{"start":{"line":8,"column":8},"end":{"line":8,"column":31}},"6":{"start":{"line":11,"column":4},"end":{"line":11,"column":16}},"7":{"start":{"line":14,"column":0},"end":{"line":14,"column":23}}},"fnMap":{"0":{"name":"login","decl":{"start":{"line":4,"column":15},"end":{"line":4,"column":20}},"loc":{"start":{"line":4,"column":56},"end":{"line":12,"column":1}},"line":4}},"branchMap":{"0":{"loc":{"start":{"line":7,"column":4},"end":{"line":9,"column":5}},"type":"if","locations":[{"start":{"line":7,"column":4},"end":{"line":9,"column":5}},{"start":{"line":7,"column":4},"end":{"line":9,"column":5}}],"line":7}},"s":{"0":1,"1":1,"2":2,"3":2,"4":2,"5":1,"6":1,"7":1},"f":{"0":2},"b":{"0":[1,1]},"_coverageSchema":"1a1c01bbd47fc00a2c39e90264f33305004495a9","hash":"a160ac7b15e2efb838b9024d3bfd6be6564b342c"}
,"/Users/slark/workspace/interviewHomework/Aimazing/SimpleChat/application_business_rules/use_cases/UpdateUser.js": {"path":"/Users/slark/workspace/interviewHomework/Aimazing/SimpleChat/application_business_rules/use_cases/UpdateUser.js","statementMap":{"0":{"start":{"line":1,"column":13},"end":{"line":1,"column":69}},"1":{"start":{"line":2,"column":22},"end":{"line":2,"column":49}},"2":{"start":{"line":3,"column":28},"end":{"line":3,"column":57}},"3":{"start":{"line":6,"column":17},"end":{"line":6,"column":51}},"4":{"start":{"line":7,"column":4},"end":{"line":9,"column":5}},"5":{"start":{"line":8,"column":8},"end":{"line":8,"column":38}},"6":{"start":{"line":11,"column":4},"end":{"line":11,"column":37}},"7":{"start":{"line":12,"column":4},"end":{"line":12,"column":56}},"8":{"start":{"line":15,"column":0},"end":{"line":17,"column":2}}},"fnMap":{"0":{"name":"updatePassword","decl":{"start":{"line":5,"column":15},"end":{"line":5,"column":29}},"loc":{"start":{"line":5,"column":62},"end":{"line":13,"column":1}},"line":5}},"branchMap":{"0":{"loc":{"start":{"line":7,"column":4},"end":{"line":9,"column":5}},"type":"if","locations":[{"start":{"line":7,"column":4},"end":{"line":9,"column":5}},{"start":{"line":7,"column":4},"end":{"line":9,"column":5}}],"line":7}},"s":{"0":1,"1":1,"2":1,"3":2,"4":2,"5":1,"6":1,"7":1,"8":1},"f":{"0":2},"b":{"0":[1,1]},"_coverageSchema":"1a1c01bbd47fc00a2c39e90264f33305004495a9","hash":"303b003599ce7160788b242f5d8096a0fd125c51"}
,"/Users/slark/workspace/interviewHomework/Aimazing/SimpleChat/enterprise_business_rules/entities/Message.js": {"path":"/Users/slark/workspace/interviewHomework/Aimazing/SimpleChat/enterprise_business_rules/entities/Message.js","statementMap":{"0":{"start":{"line":3,"column":8},"end":{"line":3,"column":25}},"1":{"start":{"line":4,"column":8},"end":{"line":4,"column":21}},"2":{"start":{"line":5,"column":8},"end":{"line":5,"column":30}},"3":{"start":{"line":9,"column":0},"end":{"line":9,"column":25}}},"fnMap":{"0":{"name":"(anonymous_0)","decl":{"start":{"line":2,"column":4},"end":{"line":2,"column":5}},"loc":{"start":{"line":2,"column":35},"end":{"line":6,"column":5}},"line":2}},"branchMap":{},"s":{"0":1,"1":1,"2":1,"3":1},"f":{"0":1},"b":{},"_coverageSchema":"1a1c01bbd47fc00a2c39e90264f33305004495a9","hash":"2f5e6788686c2064fdc48c90d8146a7532fab3cd"}
,"/Users/slark/workspace/interviewHomework/Aimazing/SimpleChat/enterprise_business_rules/entities/User.js": {"path":"/Users/slark/workspace/interviewHomework/Aimazing/SimpleChat/enterprise_business_rules/entities/User.js","statementMap":{"0":{"start":{"line":1,"column":17},"end":{"line":4,"column":1}},"1":{"start":{"line":8,"column":8},"end":{"line":8,"column":21}},"2":{"start":{"line":9,"column":8},"end":{"line":9,"column":25}},"3":{"start":{"line":10,"column":8},"end":{"line":10,"column":27}},"4":{"start":{"line":11,"column":8},"end":{"line":11,"column":33}},"5":{"start":{"line":12,"column":8},"end":{"line":12,"column":24}},"6":{"start":{"line":16,"column":8},"end":{"line":16,"column":44}},"7":{"start":{"line":20,"column":8},"end":{"line":20,"column":45}},"8":{"start":{"line":24,"column":0},"end":{"line":26,"column":1}},"9":{"start":{"line":25,"column":4},"end":{"line":25,"column":50}},"10":{"start":{"line":28,"column":0},"end":{"line":28,"column":22}},"11":{"start":{"line":29,"column":0},"end":{"line":29,"column":35}}},"fnMap":{"0":{"name":"(anonymous_0)","decl":{"start":{"line":7,"column":4},"end":{"line":7,"column":5}},"loc":{"start":{"line":7,"column":56},"end":{"line":13,"column":5}},"line":7},"1":{"name":"(anonymous_1)","decl":{"start":{"line":15,"column":4},"end":{"line":15,"column":5}},"loc":{"start":{"line":15,"column":14},"end":{"line":17,"column":5}},"line":15},"2":{"name":"(anonymous_2)","decl":{"start":{"line":19,"column":4},"end":{"line":19,"column":5}},"loc":{"start":{"line":19,"column":15},"end":{"line":21,"column":5}},"line":19},"3":{"name":"(anonymous_3)","decl":{"start":{"line":24,"column":17},"end":{"line":24,"column":18}},"loc":{"start":{"line":24,"column":27},"end":{"line":26,"column":1}},"line":24}},"branchMap":{"0":{"loc":{"start":{"line":7,"column":45},"end":{"line":7,"column":54}},"type":"default-arg","locations":[{"start":{"line":7,"column":50},"end":{"line":7,"column":54}}],"line":7}},"s":{"0":5,"1":3,"2":3,"3":3,"4":3,"5":3,"6":2,"7":2,"8":5,"9":8,"10":5,"11":5},"f":{"0":3,"1":2,"2":2,"3":8},"b":{"0":[1]},"_coverageSchema":"1a1c01bbd47fc00a2c39e90264f33305004495a9","hash":"189c58c83423008de5b2463be35afe6a3ec7b410"}
,"/Users/slark/workspace/interviewHomework/Aimazing/SimpleChat/frameworks_drivers/webserver/middlewares/auth.js": {"path":"/Users/slark/workspace/interviewHomework/Aimazing/SimpleChat/frameworks_drivers/webserver/middlewares/auth.js","statementMap":{"0":{"start":{"line":1,"column":13},"end":{"line":1,"column":78}},"1":{"start":{"line":2,"column":12},"end":{"line":2,"column":41}},"2":{"start":{"line":3,"column":28},"end":{"line":3,"column":60}},"3":{"start":{"line":4,"column":21},"end":{"line":4,"column":50}},"4":{"start":{"line":5,"column":20},"end":{"line":5,"column":99}},"5":{"start":{"line":8,"column":4},"end":{"line":10,"column":5}},"6":{"start":{"line":9,"column":8},"end":{"line":9,"column":22}},"7":{"start":{"line":12,"column":4},"end":{"line":18,"column":5}},"8":{"start":{"line":13,"column":8},"end":{"line":13,"column":33}},"9":{"start":{"line":14,"column":8},"end":{"line":14,"column":15}},"10":{"start":{"line":16,"column":8},"end":{"line":16,"column":56}},"11":{"start":{"line":17,"column":8},"end":{"line":17,"column":38}},"12":{"start":{"line":22,"column":4},"end":{"line":28,"column":5}},"13":{"start":{"line":23,"column":21},"end":{"line":23,"column":64}},"14":{"start":{"line":24,"column":8},"end":{"line":27,"column":9}},"15":{"start":{"line":25,"column":12},"end":{"line":25,"column":28}},"16":{"start":{"line":26,"column":12},"end":{"line":26,"column":19}},"17":{"start":{"line":30,"column":4},"end":{"line":30,"column":49}},"18":{"start":{"line":33,"column":0},"end":{"line":33,"column":22}}},"fnMap":{"0":{"name":"auth","decl":{"start":{"line":7,"column":15},"end":{"line":7,"column":19}},"loc":{"start":{"line":7,"column":37},"end":{"line":19,"column":1}},"line":7},"1":{"name":"authBySession","decl":{"start":{"line":21,"column":15},"end":{"line":21,"column":28}},"loc":{"start":{"line":21,"column":34},"end":{"line":31,"column":1}},"line":21}},"branchMap":{"0":{"loc":{"start":{"line":8,"column":4},"end":{"line":10,"column":5}},"type":"if","locations":[{"start":{"line":8,"column":4},"end":{"line":10,"column":5}},{"start":{"line":8,"column":4},"end":{"line":10,"column":5}}],"line":8},"1":{"loc":{"start":{"line":22,"column":4},"end":{"line":28,"column":5}},"type":"if","locations":[{"start":{"line":22,"column":4},"end":{"line":28,"column":5}},{"start":{"line":22,"column":4},"end":{"line":28,"column":5}}],"line":22},"2":{"loc":{"start":{"line":24,"column":8},"end":{"line":27,"column":9}},"type":"if","locations":[{"start":{"line":24,"column":8},"end":{"line":27,"column":9}},{"start":{"line":24,"column":8},"end":{"line":27,"column":9}}],"line":24}},"s":{"0":1,"1":1,"2":1,"3":1,"4":1,"5":3,"6":1,"7":2,"8":2,"9":1,"10":1,"11":1,"12":2,"13":2,"14":2,"15":1,"16":1,"17":1,"18":1},"f":{"0":3,"1":2},"b":{"0":[1,2],"1":[2,0],"2":[1,1]},"_coverageSchema":"1a1c01bbd47fc00a2c39e90264f33305004495a9","hash":"d3d52bee642c7ecf4eb2ec988b7178ecb29d22c1"}
,"/Users/slark/workspace/interviewHomework/Aimazing/SimpleChat/frameworks_drivers/webserver/routes/api/user.js": {"path":"/Users/slark/workspace/interviewHomework/Aimazing/SimpleChat/frameworks_drivers/webserver/routes/api/user.js","statementMap":{"0":{"start":{"line":1,"column":13},"end":{"line":1,"column":81}},"1":{"start":{"line":2,"column":18},"end":{"line":2,"column":45}},"2":{"start":{"line":3,"column":63},"end":{"line":3,"column":102}},"3":{"start":{"line":4,"column":24},"end":{"line":4,"column":58}},"4":{"start":{"line":7,"column":17},"end":{"line":9,"column":5}},"5":{"start":{"line":11,"column":19},"end":{"line":17,"column":5}},"6":{"start":{"line":19,"column":21},"end":{"line":19,"column":38}},"7":{"start":{"line":20,"column":4},"end":{"line":22,"column":5}},"8":{"start":{"line":21,"column":8},"end":{"line":21,"column":66}},"9":{"start":{"line":24,"column":4},"end":{"line":24,"column":20}},"10":{"start":{"line":25,"column":4},"end":{"line":25,"column":11}},"11":{"start":{"line":29,"column":17},"end":{"line":32,"column":5}},"12":{"start":{"line":34,"column":19},"end":{"line":41,"column":5}},"13":{"start":{"line":43,"column":21},"end":{"line":43,"column":38}},"14":{"start":{"line":44,"column":4},"end":{"line":46,"column":5}},"15":{"start":{"line":45,"column":8},"end":{"line":45,"column":66}},"16":{"start":{"line":48,"column":4},"end":{"line":48,"column":20}},"17":{"start":{"line":49,"column":4},"end":{"line":49,"column":11}},"18":{"start":{"line":53,"column":17},"end":{"line":57,"column":5}},"19":{"start":{"line":59,"column":19},"end":{"line":67,"column":5}},"20":{"start":{"line":69,"column":21},"end":{"line":69,"column":38}},"21":{"start":{"line":70,"column":4},"end":{"line":72,"column":5}},"22":{"start":{"line":71,"column":8},"end":{"line":71,"column":66}},"23":{"start":{"line":74,"column":4},"end":{"line":74,"column":20}},"24":{"start":{"line":75,"column":4},"end":{"line":75,"column":11}},"25":{"start":{"line":79,"column":17},"end":{"line":82,"column":5}},"26":{"start":{"line":84,"column":19},"end":{"line":91,"column":5}},"27":{"start":{"line":93,"column":21},"end":{"line":93,"column":38}},"28":{"start":{"line":94,"column":4},"end":{"line":96,"column":5}},"29":{"start":{"line":95,"column":8},"end":{"line":95,"column":66}},"30":{"start":{"line":98,"column":4},"end":{"line":98,"column":20}},"31":{"start":{"line":99,"column":4},"end":{"line":99,"column":11}},"32":{"start":{"line":103,"column":4},"end":{"line":107,"column":5}},"33":{"start":{"line":104,"column":8},"end":{"line":106,"column":10}},"34":{"start":{"line":108,"column":4},"end":{"line":108,"column":11}},"35":{"start":{"line":111,"column":19},"end":{"line":119,"column":1}},"36":{"start":{"line":121,"column":15},"end":{"line":151,"column":2}},"37":{"start":{"line":153,"column":0},"end":{"line":156,"column":2}}},"fnMap":{"0":{"name":"deleteValidator","decl":{"start":{"line":6,"column":9},"end":{"line":6,"column":24}},"loc":{"start":{"line":6,"column":41},"end":{"line":26,"column":1}},"line":6},"1":{"name":"updateValidator","decl":{"start":{"line":28,"column":9},"end":{"line":28,"column":24}},"loc":{"start":{"line":28,"column":41},"end":{"line":50,"column":1}},"line":28},"2":{"name":"registerValidator","decl":{"start":{"line":52,"column":9},"end":{"line":52,"column":26}},"loc":{"start":{"line":52,"column":43},"end":{"line":76,"column":1}},"line":52},"3":{"name":"loginValidator","decl":{"start":{"line":78,"column":9},"end":{"line":78,"column":23}},"loc":{"start":{"line":78,"column":40},"end":{"line":100,"column":1}},"line":78},"4":{"name":"isAdmin","decl":{"start":{"line":102,"column":9},"end":{"line":102,"column":16}},"loc":{"start":{"line":102,"column":33},"end":{"line":109,"column":1}},"line":102}},"branchMap":{"0":{"loc":{"start":{"line":8,"column":12},"end":{"line":8,"column":69}},"type":"binary-expr","locations":[{"start":{"line":8,"column":12},"end":{"line":8,"column":33}},{"start":{"line":8,"column":37},"end":{"line":8,"column":61}},{"start":{"line":8,"column":65},"end":{"line":8,"column":69}}],"line":8},"1":{"loc":{"start":{"line":20,"column":4},"end":{"line":22,"column":5}},"type":"if","locations":[{"start":{"line":20,"column":4},"end":{"line":22,"column":5}},{"start":{"line":20,"column":4},"end":{"line":22,"column":5}}],"line":20},"2":{"loc":{"start":{"line":31,"column":12},"end":{"line":31,"column":69}},"type":"binary-expr","locations":[{"start":{"line":31,"column":12},"end":{"line":31,"column":33}},{"start":{"line":31,"column":37},"end":{"line":31,"column":61}},{"start":{"line":31,"column":65},"end":{"line":31,"column":69}}],"line":31},"3":{"loc":{"start":{"line":44,"column":4},"end":{"line":46,"column":5}},"type":"if","locations":[{"start":{"line":44,"column":4},"end":{"line":46,"column":5}},{"start":{"line":44,"column":4},"end":{"line":46,"column":5}}],"line":44},"4":{"loc":{"start":{"line":70,"column":4},"end":{"line":72,"column":5}},"type":"if","locations":[{"start":{"line":70,"column":4},"end":{"line":72,"column":5}},{"start":{"line":70,"column":4},"end":{"line":72,"column":5}}],"line":70},"5":{"loc":{"start":{"line":94,"column":4},"end":{"line":96,"column":5}},"type":"if","locations":[{"start":{"line":94,"column":4},"end":{"line":96,"column":5}},{"start":{"line":94,"column":4},"end":{"line":96,"column":5}}],"line":94},"6":{"loc":{"start":{"line":103,"column":4},"end":{"line":107,"column":5}},"type":"if","locations":[{"start":{"line":103,"column":4},"end":{"line":107,"column":5}},{"start":{"line":103,"column":4},"end":{"line":107,"column":5}}],"line":103}},"s":{"0":1,"1":1,"2":1,"3":1,"4":0,"5":0,"6":0,"7":0,"8":0,"9":0,"10":0,"11":0,"12":0,"13":0,"14":0,"15":0,"16":0,"17":0,"18":0,"19":0,"20":0,"21":0,"22":0,"23":0,"24":0,"25":0,"26":0,"27":0,"28":0,"29":0,"30":0,"31":0,"32":0,"33":0,"34":0,"35":1,"36":1,"37":1},"f":{"0":0,"1":0,"2":0,"3":0,"4":0},"b":{"0":[0,0,0],"1":[0,0],"2":[0,0,0],"3":[0,0],"4":[0,0],"5":[0,0],"6":[0,0]},"_coverageSchema":"1a1c01bbd47fc00a2c39e90264f33305004495a9","hash":"1fa7e77b7b233991e211e1a431b1aad76a0f5e07"}
,"/Users/slark/workspace/interviewHomework/Aimazing/SimpleChat/interface_adapters/controllers/UserController.js": {"path":"/Users/slark/workspace/interviewHomework/Aimazing/SimpleChat/interface_adapters/controllers/UserController.js","statementMap":{"0":{"start":{"line":1,"column":18},"end":{"line":1,"column":81}},"1":{"start":{"line":2,"column":14},"end":{"line":2,"column":73}},"2":{"start":{"line":3,"column":19},"end":{"line":3,"column":83}},"3":{"start":{"line":4,"column":19},"end":{"line":4,"column":83}},"4":{"start":{"line":5,"column":25},"end":{"line":5,"column":89}},"5":{"start":{"line":6,"column":23},"end":{"line":6,"column":86}},"6":{"start":{"line":7,"column":19},"end":{"line":7,"column":75}},"7":{"start":{"line":8,"column":12},"end":{"line":8,"column":38}},"8":{"start":{"line":9,"column":59},"end":{"line":9,"column":92}},"9":{"start":{"line":10,"column":20},"end":{"line":10,"column":49}},"10":{"start":{"line":14,"column":8},"end":{"line":28,"column":9}},"11":{"start":{"line":15,"column":26},"end":{"line":15,"column":76}},"12":{"start":{"line":16,"column":28},"end":{"line":23,"column":18}},"13":{"start":{"line":17,"column":16},"end":{"line":21,"column":19}},"14":{"start":{"line":22,"column":16},"end":{"line":22,"column":27}},"15":{"start":{"line":24,"column":12},"end":{"line":24,"column":58}},"16":{"start":{"line":26,"column":12},"end":{"line":26,"column":55}},"17":{"start":{"line":27,"column":12},"end":{"line":27,"column":101}},"18":{"start":{"line":32,"column":8},"end":{"line":48,"column":9}},"19":{"start":{"line":33,"column":38},"end":{"line":33,"column":46}},"20":{"start":{"line":34,"column":25},"end":{"line":34,"column":71}},"21":{"start":{"line":35,"column":12},"end":{"line":38,"column":14}},"22":{"start":{"line":41,"column":12},"end":{"line":41,"column":42}},"23":{"start":{"line":42,"column":12},"end":{"line":42,"column":38}},"24":{"start":{"line":43,"column":12},"end":{"line":43,"column":34}},"25":{"start":{"line":45,"column":12},"end":{"line":45,"column":57}},"26":{"start":{"line":47,"column":12},"end":{"line":47,"column":35}},"27":{"start":{"line":52,"column":8},"end":{"line":52,"column":30}},"28":{"start":{"line":55,"column":8},"end":{"line":55,"column":32}},"29":{"start":{"line":56,"column":8},"end":{"line":56,"column":30}},"30":{"start":{"line":57,"column":8},"end":{"line":57,"column":31}},"31":{"start":{"line":61,"column":21},"end":{"line":61,"column":29}},"32":{"start":{"line":62,"column":8},"end":{"line":68,"column":9}},"33":{"start":{"line":63,"column":12},"end":{"line":63,"column":51}},"34":{"start":{"line":64,"column":12},"end":{"line":64,"column":46}},"35":{"start":{"line":66,"column":12},"end":{"line":66,"column":56}},"36":{"start":{"line":67,"column":12},"end":{"line":67,"column":94}},"37":{"start":{"line":72,"column":31},"end":{"line":72,"column":39}},"38":{"start":{"line":73,"column":8},"end":{"line":82,"column":9}},"39":{"start":{"line":74,"column":12},"end":{"line":74,"column":64}},"40":{"start":{"line":75,"column":12},"end":{"line":75,"column":53}},"41":{"start":{"line":77,"column":12},"end":{"line":77,"column":56}},"42":{"start":{"line":78,"column":11},"end":{"line":80,"column":12}},"43":{"start":{"line":79,"column":15},"end":{"line":79,"column":94}},"44":{"start":{"line":81,"column":11},"end":{"line":81,"column":100}},"45":{"start":{"line":86,"column":40},"end":{"line":86,"column":48}},"46":{"start":{"line":87,"column":8},"end":{"line":96,"column":9}},"47":{"start":{"line":88,"column":12},"end":{"line":88,"column":87}},"48":{"start":{"line":89,"column":12},"end":{"line":89,"column":35}},"49":{"start":{"line":91,"column":12},"end":{"line":91,"column":52}},"50":{"start":{"line":92,"column":12},"end":{"line":94,"column":13}},"51":{"start":{"line":93,"column":16},"end":{"line":93,"column":107}},"52":{"start":{"line":95,"column":12},"end":{"line":95,"column":98}},"53":{"start":{"line":100,"column":8},"end":{"line":100,"column":50}},"54":{"start":{"line":105,"column":17},"end":{"line":105,"column":37}},"55":{"start":{"line":106,"column":0},"end":{"line":106,"column":26}}},"fnMap":{"0":{"name":"(anonymous_0)","decl":{"start":{"line":13,"column":4},"end":{"line":13,"column":5}},"loc":{"start":{"line":13,"column":33},"end":{"line":29,"column":5}},"line":13},"1":{"name":"(anonymous_1)","decl":{"start":{"line":16,"column":41},"end":{"line":16,"column":42}},"loc":{"start":{"line":16,"column":56},"end":{"line":23,"column":13}},"line":16},"2":{"name":"(anonymous_2)","decl":{"start":{"line":31,"column":4},"end":{"line":31,"column":5}},"loc":{"start":{"line":31,"column":26},"end":{"line":49,"column":5}},"line":31},"3":{"name":"(anonymous_3)","decl":{"start":{"line":51,"column":4},"end":{"line":51,"column":5}},"loc":{"start":{"line":51,"column":27},"end":{"line":58,"column":5}},"line":51},"4":{"name":"(anonymous_4)","decl":{"start":{"line":60,"column":4},"end":{"line":60,"column":5}},"loc":{"start":{"line":60,"column":31},"end":{"line":69,"column":5}},"line":60},"5":{"name":"(anonymous_5)","decl":{"start":{"line":71,"column":4},"end":{"line":71,"column":5}},"loc":{"start":{"line":71,"column":31},"end":{"line":83,"column":5}},"line":71},"6":{"name":"(anonymous_6)","decl":{"start":{"line":85,"column":4},"end":{"line":85,"column":5}},"loc":{"start":{"line":85,"column":29},"end":{"line":97,"column":5}},"line":85},"7":{"name":"(anonymous_7)","decl":{"start":{"line":99,"column":4},"end":{"line":99,"column":5}},"loc":{"start":{"line":99,"column":26},"end":{"line":101,"column":5}},"line":99}},"branchMap":{"0":{"loc":{"start":{"line":78,"column":11},"end":{"line":80,"column":12}},"type":"if","locations":[{"start":{"line":78,"column":11},"end":{"line":80,"column":12}},{"start":{"line":78,"column":11},"end":{"line":80,"column":12}}],"line":78},"1":{"loc":{"start":{"line":92,"column":12},"end":{"line":94,"column":13}},"type":"if","locations":[{"start":{"line":92,"column":12},"end":{"line":94,"column":13}},{"start":{"line":92,"column":12},"end":{"line":94,"column":13}}],"line":92},"2":{"loc":{"start":{"line":92,"column":16},"end":{"line":92,"column":101}},"type":"binary-expr","locations":[{"start":{"line":92,"column":16},"end":{"line":92,"column":55}},{"start":{"line":92,"column":59},"end":{"line":92,"column":101}}],"line":92}},"s":{"0":1,"1":1,"2":1,"3":1,"4":1,"5":1,"6":1,"7":1,"8":1,"9":1,"10":2,"11":2,"12":1,"13":2,"14":2,"15":1,"16":1,"17":1,"18":2,"19":2,"20":2,"21":1,"22":1,"23":1,"24":1,"25":1,"26":1,"27":1,"28":1,"29":1,"30":1,"31":2,"32":2,"33":2,"34":1,"35":1,"36":1,"37":3,"38":3,"39":3,"40":1,"41":2,"42":2,"43":1,"44":1,"45":3,"46":3,"47":3,"48":1,"49":2,"50":2,"51":1,"52":1,"53":1,"54":1,"55":1},"f":{"0":2,"1":2,"2":2,"3":1,"4":2,"5":3,"6":3,"7":1},"b":{"0":[1,1],"1":[1,1],"2":[2,2]},"_coverageSchema":"1a1c01bbd47fc00a2c39e90264f33305004495a9","hash":"57979b8de5fd64fbee8945f08e7e207d6469859e"}
,"/Users/slark/workspace/interviewHomework/Aimazing/SimpleChat/tests/globalSetup.js": {"path":"/Users/slark/workspace/interviewHomework/Aimazing/SimpleChat/tests/globalSetup.js","statementMap":{"0":{"start":{"line":1,"column":0},"end":{"line":1,"column":26}}},"fnMap":{},"branchMap":{},"s":{"0":9},"f":{},"b":{},"_coverageSchema":"1a1c01bbd47fc00a2c39e90264f33305004495a9","hash":"234b7b388edfcf4b5d88e098834536b2bd0e0873"}
,"/Users/slark/workspace/interviewHomework/Aimazing/SimpleChat/utils/errors.js": {"path":"/Users/slark/workspace/interviewHomework/Aimazing/SimpleChat/utils/errors.js","statementMap":{"0":{"start":{"line":1,"column":18},"end":{"line":8,"column":1}},"1":{"start":{"line":12,"column":6},"end":{"line":12,"column":21}},"2":{"start":{"line":13,"column":6},"end":{"line":13,"column":40}},"3":{"start":{"line":14,"column":6},"end":{"line":14,"column":23}},"4":{"start":{"line":15,"column":6},"end":{"line":15,"column":54}},"5":{"start":{"line":21,"column":8},"end":{"line":21,"column":74}},"6":{"start":{"line":27,"column":8},"end":{"line":27,"column":76}},"7":{"start":{"line":33,"column":8},"end":{"line":33,"column":71}},"8":{"start":{"line":39,"column":8},"end":{"line":39,"column":61}},"9":{"start":{"line":45,"column":8},"end":{"line":45,"column":39}},"10":{"start":{"line":51,"column":8},"end":{"line":51,"column":64}},"11":{"start":{"line":55,"column":0},"end":{"line":64,"column":2}}},"fnMap":{"0":{"name":"(anonymous_0)","decl":{"start":{"line":11,"column":4},"end":{"line":11,"column":5}},"loc":{"start":{"line":11,"column":31},"end":{"line":16,"column":5}},"line":11},"1":{"name":"(anonymous_1)","decl":{"start":{"line":20,"column":4},"end":{"line":20,"column":5}},"loc":{"start":{"line":20,"column":31},"end":{"line":22,"column":5}},"line":20},"2":{"name":"(anonymous_2)","decl":{"start":{"line":26,"column":4},"end":{"line":26,"column":5}},"loc":{"start":{"line":26,"column":19},"end":{"line":28,"column":5}},"line":26},"3":{"name":"(anonymous_3)","decl":{"start":{"line":32,"column":4},"end":{"line":32,"column":5}},"loc":{"start":{"line":32,"column":19},"end":{"line":34,"column":5}},"line":32},"4":{"name":"(anonymous_4)","decl":{"start":{"line":38,"column":4},"end":{"line":38,"column":5}},"loc":{"start":{"line":38,"column":18},"end":{"line":40,"column":5}},"line":38},"5":{"name":"(anonymous_5)","decl":{"start":{"line":44,"column":4},"end":{"line":44,"column":5}},"loc":{"start":{"line":44,"column":21},"end":{"line":46,"column":5}},"line":44},"6":{"name":"(anonymous_6)","decl":{"start":{"line":50,"column":4},"end":{"line":50,"column":5}},"loc":{"start":{"line":50,"column":18},"end":{"line":52,"column":5}},"line":50}},"branchMap":{},"s":{"0":7,"1":8,"2":8,"3":8,"4":8,"5":2,"6":1,"7":2,"8":3,"9":0,"10":0,"11":7},"f":{"0":8,"1":2,"2":1,"3":2,"4":3,"5":0,"6":0},"b":{},"_coverageSchema":"1a1c01bbd47fc00a2c39e90264f33305004495a9","hash":"ab48e73d34bc153712ba7297a3773ce25e9bd44e"}
,"/Users/slark/workspace/interviewHomework/Aimazing/SimpleChat/utils/jsonResult.js": {"path":"/Users/slark/workspace/interviewHomework/Aimazing/SimpleChat/utils/jsonResult.js","statementMap":{"0":{"start":{"line":1,"column":19},"end":{"line":13,"column":1}},"1":{"start":{"line":16,"column":15},"end":{"line":16,"column":91}},"2":{"start":{"line":17,"column":2},"end":{"line":20,"column":3}},"3":{"start":{"line":18,"column":4},"end":{"line":18,"column":45}},"4":{"start":{"line":19,"column":4},"end":{"line":19,"column":45}},"5":{"start":{"line":22,"column":2},"end":{"line":24,"column":3}},"6":{"start":{"line":23,"column":4},"end":{"line":23,"column":26}},"7":{"start":{"line":25,"column":2},"end":{"line":27,"column":3}},"8":{"start":{"line":26,"column":6},"end":{"line":26,"column":23}},"9":{"start":{"line":29,"column":2},"end":{"line":29,"column":14}},"10":{"start":{"line":32,"column":4},"end":{"line":35,"column":5}},"11":{"start":{"line":39,"column":4},"end":{"line":39,"column":93}},"12":{"start":{"line":42,"column":0},"end":{"line":47,"column":2}}},"fnMap":{"0":{"name":"getFailedResult","decl":{"start":{"line":15,"column":9},"end":{"line":15,"column":24}},"loc":{"start":{"line":15,"column":56},"end":{"line":30,"column":1}},"line":15},"1":{"name":"getSuccessfulResult","decl":{"start":{"line":31,"column":9},"end":{"line":31,"column":28}},"loc":{"start":{"line":31,"column":38},"end":{"line":36,"column":1}},"line":31},"2":{"name":"getValidatorErrorResult","decl":{"start":{"line":38,"column":9},"end":{"line":38,"column":32}},"loc":{"start":{"line":38,"column":41},"end":{"line":40,"column":1}},"line":38}},"branchMap":{"0":{"loc":{"start":{"line":15,"column":45},"end":{"line":15,"column":54}},"type":"default-arg","locations":[{"start":{"line":15,"column":50},"end":{"line":15,"column":54}}],"line":15},"1":{"loc":{"start":{"line":17,"column":2},"end":{"line":20,"column":3}},"type":"if","locations":[{"start":{"line":17,"column":2},"end":{"line":20,"column":3}},{"start":{"line":17,"column":2},"end":{"line":20,"column":3}}],"line":17},"2":{"loc":{"start":{"line":22,"column":2},"end":{"line":24,"column":3}},"type":"if","locations":[{"start":{"line":22,"column":2},"end":{"line":24,"column":3}},{"start":{"line":22,"column":2},"end":{"line":24,"column":3}}],"line":22},"3":{"loc":{"start":{"line":25,"column":2},"end":{"line":27,"column":3}},"type":"if","locations":[{"start":{"line":25,"column":2},"end":{"line":27,"column":3}},{"start":{"line":25,"column":2},"end":{"line":27,"column":3}}],"line":25}},"s":{"0":2,"1":6,"2":6,"3":6,"4":6,"5":6,"6":0,"7":6,"8":0,"9":6,"10":3,"11":0,"12":2},"f":{"0":6,"1":3,"2":0},"b":{"0":[6],"1":[6,0],"2":[0,6],"3":[0,6]},"_coverageSchema":"1a1c01bbd47fc00a2c39e90264f33305004495a9","hash":"ab0259e8d297176fb09d361f0b09394ec831fd22"}
,"/Users/slark/workspace/interviewHomework/Aimazing/SimpleChat/utils/log.js": {"path":"/Users/slark/workspace/interviewHomework/Aimazing/SimpleChat/utils/log.js","statementMap":{"0":{"start":{"line":1,"column":12},"end":{"line":1,"column":19}},"1":{"start":{"line":2,"column":0},"end":{"line":2,"column":21}}},"fnMap":{},"branchMap":{},"s":{"0":2,"1":2},"f":{},"b":{},"_coverageSchema":"1a1c01bbd47fc00a2c39e90264f33305004495a9","hash":"9af3276cebb060d25e3190a9ced0c7810292c076"}
,"/Users/slark/workspace/interviewHomework/Aimazing/SimpleChat/utils/util.js": {"path":"/Users/slark/workspace/interviewHomework/Aimazing/SimpleChat/utils/util.js","statementMap":{"0":{"start":{"line":1,"column":15},"end":{"line":1,"column":32}},"1":{"start":{"line":2,"column":15},"end":{"line":2,"column":25}},"2":{"start":{"line":5,"column":12},"end":{"line":5,"column":36}},"3":{"start":{"line":6,"column":2},"end":{"line":6,"column":17}},"4":{"start":{"line":7,"column":2},"end":{"line":7,"column":25}},"5":{"start":{"line":11,"column":2},"end":{"line":13,"column":3}},"6":{"start":{"line":12,"column":4},"end":{"line":12,"column":41}},"7":{"start":{"line":16,"column":12},"end":{"line":16,"column":25}},"8":{"start":{"line":17,"column":12},"end":{"line":17,"column":31}},"9":{"start":{"line":18,"column":2},"end":{"line":18,"column":23}},"10":{"start":{"line":21,"column":0},"end":{"line":21,"column":31}}},"fnMap":{"0":{"name":"md5","decl":{"start":{"line":4,"column":9},"end":{"line":4,"column":12}},"loc":{"start":{"line":4,"column":20},"end":{"line":8,"column":1}},"line":4},"1":{"name":"md5Password","decl":{"start":{"line":10,"column":9},"end":{"line":10,"column":20}},"loc":{"start":{"line":10,"column":31},"end":{"line":19,"column":1}},"line":10}},"branchMap":{"0":{"loc":{"start":{"line":11,"column":2},"end":{"line":13,"column":3}},"type":"if","locations":[{"start":{"line":11,"column":2},"end":{"line":13,"column":3}},{"start":{"line":11,"column":2},"end":{"line":13,"column":3}}],"line":11}},"s":{"0":1,"1":1,"2":2,"3":2,"4":2,"5":2,"6":1,"7":1,"8":1,"9":1,"10":1},"f":{"0":2,"1":2},"b":{"0":[1,1]},"_coverageSchema":"1a1c01bbd47fc00a2c39e90264f33305004495a9","hash":"c6929b70f8864e0eaf740d9c01257cb003bea82d"}
}
