TN:
SF:constDefine.js
FNF:0
FNH:0
DA:1,2
DA:6,2
DA:8,2
DA:9,2
DA:15,2
LF:5
LH:5
BRF:0
BRH:0
end_of_record
TN:
SF:application_business_rules/use_cases/Chat.js
FN:4,SendMessage
FN:11,JoinChatRoom
FN:15,LeaveChatRoom
FNF:3
FNH:3
FNDA:1,SendMessage
FNDA:1,JoinChatRoom
FNDA:1,LeaveChatRoom
DA:1,1
DA:2,1
DA:5,1
DA:6,1
DA:7,1
DA:8,1
DA:12,1
DA:16,1
DA:19,1
LF:9
LH:9
BRF:0
BRH:0
end_of_record
TN:
SF:application_business_rules/use_cases/CreateUser.js
FN:5,createUser
FNF:1
FNH:1
FNDA:3,createUser
DA:1,1
DA:2,1
DA:3,1
DA:7,3
DA:8,1
DA:12,2
DA:13,2
DA:14,1
DA:17,1
DA:18,1
DA:19,1
DA:22,1
LF:12
LH:12
BRDA:7,0,0,1
BRDA:7,0,1,2
BRDA:13,1,0,1
BRDA:13,1,1,1
BRF:4
BRH:4
end_of_record
TN:
SF:application_business_rules/use_cases/DeleteUser.js
FN:3,deleteUserByID
FNF:1
FNH:1
FNDA:2,deleteUserByID
DA:1,1
DA:4,2
DA:5,2
DA:6,1
DA:9,1
DA:12,1
LF:6
LH:6
BRDA:5,0,0,1
BRDA:5,0,1,1
BRF:2
BRH:2
end_of_record
TN:
SF:application_business_rules/use_cases/ListUsers.js
FN:4,listUsers
FNF:1
FNH:1
FNDA:2,listUsers
DA:1,1
DA:2,1
DA:5,2
DA:6,1
DA:8,1
DA:11,1
LF:6
LH:6
BRDA:5,0,0,1
BRDA:5,0,1,1
BRF:2
BRH:2
end_of_record
TN:
SF:application_business_rules/use_cases/Login.js
FN:4,login
FNF:1
FNH:1
FNDA:2,login
DA:1,1
DA:2,1
DA:5,2
DA:6,2
DA:7,2
DA:8,1
DA:11,1
DA:14,1
LF:8
LH:8
BRDA:7,0,0,1
BRDA:7,0,1,1
BRF:2
BRH:2
end_of_record
TN:
SF:application_business_rules/use_cases/UpdateUser.js
FN:5,updatePassword
FNF:1
FNH:1
FNDA:2,updatePassword
DA:1,1
DA:2,1
DA:3,1
DA:6,2
DA:7,2
DA:8,1
DA:11,1
DA:12,1
DA:15,1
LF:9
LH:9
BRDA:7,0,0,1
BRDA:7,0,1,1
BRF:2
BRH:2
end_of_record
TN:
SF:enterprise_business_rules/entities/Message.js
FN:2,(anonymous_0)
FNF:1
FNH:1
FNDA:1,(anonymous_0)
DA:3,1
DA:4,1
DA:5,1
DA:9,1
LF:4
LH:4
BRF:0
BRH:0
end_of_record
TN:
SF:enterprise_business_rules/entities/User.js
FN:7,(anonymous_0)
FN:15,(anonymous_1)
FN:19,(anonymous_2)
FN:24,(anonymous_3)
FNF:4
FNH:4
FNDA:3,(anonymous_0)
FNDA:2,(anonymous_1)
FNDA:2,(anonymous_2)
FNDA:8,(anonymous_3)
DA:1,5
DA:8,3
DA:9,3
DA:10,3
DA:11,3
DA:12,3
DA:16,2
DA:20,2
DA:24,5
DA:25,8
DA:28,5
DA:29,5
LF:12
LH:12
BRDA:7,0,0,1
BRF:1
BRH:1
end_of_record
TN:
SF:frameworks_drivers/webserver/middlewares/auth.js
FN:7,auth
FN:21,authBySession
FNF:2
FNH:2
FNDA:3,auth
FNDA:2,authBySession
DA:1,1
DA:2,1
DA:3,1
DA:4,1
DA:5,1
DA:8,3
DA:9,1
DA:12,2
DA:13,2
DA:14,1
DA:16,1
DA:17,1
DA:22,2
DA:23,2
DA:24,2
DA:25,1
DA:26,1
DA:30,1
DA:33,1
LF:19
LH:19
BRDA:8,0,0,1
BRDA:8,0,1,2
BRDA:22,1,0,2
BRDA:22,1,1,0
BRDA:24,2,0,1
BRDA:24,2,1,1
BRF:6
BRH:5
end_of_record
TN:
SF:frameworks_drivers/webserver/routes/api/user.js
FN:6,deleteValidator
FN:28,updateValidator
FN:52,registerValidator
FN:78,loginValidator
FN:102,isAdmin
FNF:5
FNH:0
FNDA:0,deleteValidator
FNDA:0,updateValidator
FNDA:0,registerValidator
FNDA:0,loginValidator
FNDA:0,isAdmin
DA:1,1
DA:2,1
DA:3,1
DA:4,1
DA:7,0
DA:11,0
DA:19,0
DA:20,0
DA:21,0
DA:24,0
DA:25,0
DA:29,0
DA:34,0
DA:43,0
DA:44,0
DA:45,0
DA:48,0
DA:49,0
DA:53,0
DA:59,0
DA:69,0
DA:70,0
DA:71,0
DA:74,0
DA:75,0
DA:79,0
DA:84,0
DA:93,0
DA:94,0
DA:95,0
DA:98,0
DA:99,0
DA:103,0
DA:104,0
DA:108,0
DA:111,1
DA:121,1
DA:153,1
LF:38
LH:7
BRDA:8,0,0,0
BRDA:8,0,1,0
BRDA:8,0,2,0
BRDA:20,1,0,0
BRDA:20,1,1,0
BRDA:31,2,0,0
BRDA:31,2,1,0
BRDA:31,2,2,0
BRDA:44,3,0,0
BRDA:44,3,1,0
BRDA:70,4,0,0
BRDA:70,4,1,0
BRDA:94,5,0,0
BRDA:94,5,1,0
BRDA:103,6,0,0
BRDA:103,6,1,0
BRF:16
BRH:0
end_of_record
TN:
SF:interface_adapters/controllers/UserController.js
FN:13,(anonymous_0)
FN:16,(anonymous_1)
FN:31,(anonymous_2)
FN:51,(anonymous_3)
FN:60,(anonymous_4)
FN:71,(anonymous_5)
FN:85,(anonymous_6)
FN:99,(anonymous_7)
FNF:8
FNH:8
FNDA:2,(anonymous_0)
FNDA:2,(anonymous_1)
FNDA:2,(anonymous_2)
FNDA:1,(anonymous_3)
FNDA:2,(anonymous_4)
FNDA:3,(anonymous_5)
FNDA:3,(anonymous_6)
FNDA:1,(anonymous_7)
DA:1,1
DA:2,1
DA:3,1
DA:4,1
DA:5,1
DA:6,1
DA:7,1
DA:8,1
DA:9,1
DA:10,1
DA:14,2
DA:15,2
DA:16,1
DA:17,2
DA:22,2
DA:24,1
DA:26,1
DA:27,1
DA:32,2
DA:33,2
DA:34,2
DA:35,1
DA:41,1
DA:42,1
DA:43,1
DA:45,1
DA:47,1
DA:52,1
DA:55,1
DA:56,1
DA:57,1
DA:61,2
DA:62,2
DA:63,2
DA:64,1
DA:66,1
DA:67,1
DA:72,3
DA:73,3
DA:74,3
DA:75,1
DA:77,2
DA:78,2
DA:79,1
DA:81,1
DA:86,3
DA:87,3
DA:88,3
DA:89,1
DA:91,2
DA:92,2
DA:93,1
DA:95,1
DA:100,1
DA:105,1
DA:106,1
LF:56
LH:56
BRDA:78,0,0,1
BRDA:78,0,1,1
BRDA:92,1,0,1
BRDA:92,1,1,1
BRDA:92,2,0,2
BRDA:92,2,1,2
BRF:6
BRH:6
end_of_record
TN:
SF:tests/globalSetup.js
FNF:0
FNH:0
DA:1,9
LF:1
LH:1
BRF:0
BRH:0
end_of_record
TN:
SF:utils/errors.js
FN:11,(anonymous_0)
FN:20,(anonymous_1)
FN:26,(anonymous_2)
FN:32,(anonymous_3)
FN:38,(anonymous_4)
FN:44,(anonymous_5)
FN:50,(anonymous_6)
FNF:7
FNH:5
FNDA:8,(anonymous_0)
FNDA:2,(anonymous_1)
FNDA:1,(anonymous_2)
FNDA:2,(anonymous_3)
FNDA:3,(anonymous_4)
FNDA:0,(anonymous_5)
FNDA:0,(anonymous_6)
DA:1,7
DA:12,8
DA:13,8
DA:14,8
DA:15,8
DA:21,2
DA:27,1
DA:33,2
DA:39,3
DA:45,0
DA:51,0
DA:55,7
LF:12
LH:10
BRF:0
BRH:0
end_of_record
TN:
SF:utils/jsonResult.js
FN:15,getFailedResult
FN:31,getSuccessfulResult
FN:38,getValidatorErrorResult
FNF:3
FNH:2
FNDA:6,getFailedResult
FNDA:3,getSuccessfulResult
FNDA:0,getValidatorErrorResult
DA:1,2
DA:16,6
DA:17,6
DA:18,6
DA:19,6
DA:22,6
DA:23,0
DA:25,6
DA:26,0
DA:29,6
DA:32,3
DA:39,0
DA:42,2
LF:13
LH:10
BRDA:15,0,0,6
BRDA:17,1,0,6
BRDA:17,1,1,0
BRDA:22,2,0,0
BRDA:22,2,1,6
BRDA:25,3,0,0
BRDA:25,3,1,6
BRF:7
BRH:4
end_of_record
TN:
SF:utils/log.js
FNF:0
FNH:0
DA:1,2
DA:2,2
LF:2
LH:2
BRF:0
BRH:0
end_of_record
TN:
SF:utils/util.js
FN:4,md5
FN:10,md5Password
FNF:2
FNH:2
FNDA:2,md5
FNDA:2,md5Password
DA:1,1
DA:2,1
DA:5,2
DA:6,2
DA:7,2
DA:11,2
DA:12,1
DA:16,1
DA:17,1
DA:18,1
DA:21,1
LF:11
LH:11
BRDA:11,0,0,1
BRDA:11,0,1,1
BRF:2
BRH:2
end_of_record
